2026-06-08 08:26:30 UTC HTTP Error 404: {"quoteSummary":{"result":null,"error":{"code":"Not Found","description":"Quote not found for symbol: ^DFII10"}}}
2026-06-08 08:26:31 UTC $^DFII10: possibly delisted; no price data found  (period=7d) (Yahoo error = "No data found, symbol may be delisted")
2026-06-08 08:27:03 UTC HTTP Error 404: {"quoteSummary":{"result":null,"error":{"code":"Not Found","description":"Quote not found for symbol: ^DFII10"}}}
2026-06-08 08:27:04 UTC $^DFII10: possibly delisted; no price data found  (period=7d) (Yahoo error = "No data found, symbol may be delisted")
2026-06-08 08:50:43 UTC HTTP Error 404: {"quoteSummary":{"result":null,"error":{"code":"Not Found","description":"Quote not found for symbol: NONEXISTENT"}}}
2026-06-08 08:50:43 UTC $NONEXISTENT: possibly delisted; no price data found  (period=1y) (Yahoo error = "No data found, symbol may be delisted")
2026-06-11 09:36:58 UTC HTTP Error 404: {"quoteSummary":{"result":null,"error":{"code":"Not Found","description":"Quote not found for symbol: ^DFII10"}}}
2026-06-11 09:36:59 UTC $^DFII10: possibly delisted; no price data found  (period=7d) (Yahoo error = "No data found, symbol may be delisted")
2026-06-11 09:54:37 UTC [XAU/USD] PA_NONE
2026-06-11 09:54:37 UTC [XAU/USD] PA_RESOLVED double_bottom BUY TP pips=500.0
2026-06-11 09:54:37 UTC [REPORT] Weekly performance sent total=5 overall=100%
2026-06-11 09:56:29 UTC HTTP Error 404: {"quoteSummary":{"result":null,"error":{"code":"Not Found","description":"Quote not found for symbol: ^DFII10"}}}
2026-06-11 09:56:30 UTC $^DFII10: possibly delisted; no price data found  (period=7d) (Yahoo error = "No data found, symbol may be delisted")
2026-06-11 09:56:32 UTC [XAU/USD] OUTLOOK sent score=+0.10 h4=BEAR d1=BEAR
2026-06-11 09:57:06 UTC [XAU/USD] PA_SENT double_bottom BUY stars=3 entry=4568.58 target=4626.07 inval=4490.75
2026-06-11 09:57:40 UTC [USD/JPY] BLOCKED hurst H=0.339 threshold=0.48 bars=720
2026-06-11 09:57:40 UTC [USD/JPY] NO_SIGNAL
2026-06-11 03:00:43 UTC [USD/JPY] BLOCKED hurst H=0.321 threshold=0.48 bars=720
2026-06-11 03:00:43 UTC [USD/JPY] NO_SIGNAL
2026-06-11 03:15:31 UTC [USD/JPY] BLOCKED hurst H=0.322 threshold=0.48 bars=720
2026-06-11 03:15:31 UTC [USD/JPY] NO_SIGNAL
2026-06-11 03:30:33 UTC [USD/JPY] BLOCKED hurst H=0.322 threshold=0.48 bars=720
2026-06-11 03:30:33 UTC [USD/JPY] NO_SIGNAL
2026-06-11 03:45:32 UTC [USD/JPY] BLOCKED hurst H=0.322 threshold=0.48 bars=720
2026-06-11 03:45:32 UTC [USD/JPY] NO_SIGNAL
2026-06-11 04:00:38 UTC [USD/JPY] BLOCKED hurst H=0.322 threshold=0.48 bars=720
2026-06-11 04:00:38 UTC [USD/JPY] NO_SIGNAL
2026-06-11 04:07:04 UTC [USD/JPY] BLOCKED hurst H=0.323 threshold=0.48 bars=720
2026-06-11 04:07:04 UTC [USD/JPY] NO_SIGNAL
2026-06-11 04:15:31 UTC [USD/JPY] BLOCKED hurst H=0.323 threshold=0.48 bars=720
2026-06-11 04:15:31 UTC [USD/JPY] NO_SIGNAL
2026-06-11 04:30:36 UTC [USD/JPY] BLOCKED hurst H=0.323 threshold=0.48 bars=720
2026-06-11 04:30:36 UTC [USD/JPY] NO_SIGNAL
2026-06-11 04:45:35 UTC [USD/JPY] BLOCKED hurst H=0.323 threshold=0.48 bars=720
2026-06-11 04:45:35 UTC [USD/JPY] NO_SIGNAL
2026-06-11 05:00:42 UTC [USD/JPY] BLOCKED hurst H=0.323 threshold=0.48 bars=720
2026-06-11 05:00:42 UTC [USD/JPY] NO_SIGNAL
2026-06-11 05:15:31 UTC [USD/JPY] BLOCKED hurst H=0.323 threshold=0.48 bars=720
2026-06-11 05:15:31 UTC [USD/JPY] NO_SIGNAL
2026-06-11 05:30:35 UTC [USD/JPY] BLOCKED hurst H=0.323 threshold=0.48 bars=720
2026-06-11 05:30:35 UTC [USD/JPY] NO_SIGNAL
2026-06-11 05:45:32 UTC [USD/JPY] BLOCKED hurst H=0.324 threshold=0.48 bars=720
2026-06-11 05:45:32 UTC [USD/JPY] NO_SIGNAL
2026-06-11 06:00:40 UTC [USD/JPY] BLOCKED hurst H=0.324 threshold=0.48 bars=720
2026-06-11 06:00:40 UTC [USD/JPY] NO_SIGNAL
2026-06-11 06:00:40 UTC [XAU/USD] BLOCKED low_votes BUY=2 BEAR=1 need=4 H4=BEAR
2026-06-11 06:00:40 UTC [XAU/USD] NO_SIGNAL
2026-06-11 06:00:41 UTC [XAU/USD] PA_NONE
2026-06-11 06:00:41 UTC HTTP Error 404: {"quoteSummary":{"result":null,"error":{"code":"Not Found","description":"Quote not found for symbol: ^DFII10"}}}
2026-06-11 06:00:41 UTC $^DFII10: possibly delisted; no price data found  (period=7d) (Yahoo error = "No data found, symbol may be delisted")
2026-06-11 06:00:42 UTC [XAU/USD] OUTLOOK sent score=-0.21 h4=BEAR d1=BEAR
2026-06-11 06:15:35 UTC [USD/JPY] BLOCKED hurst H=0.325 threshold=0.48 bars=720
2026-06-11 06:15:35 UTC [USD/JPY] NO_SIGNAL
2026-06-11 06:15:35 UTC [XAU/USD] BLOCKED low_votes BUY=3 BEAR=2 need=4 H4=BEAR
2026-06-11 06:15:35 UTC [XAU/USD] NO_SIGNAL
2026-06-11 06:15:36 UTC [XAU/USD] PA_NONE
2026-06-11 06:30:35 UTC [USD/JPY] BLOCKED hurst H=0.325 threshold=0.48 bars=720
2026-06-11 06:30:35 UTC [USD/JPY] NO_SIGNAL
2026-06-11 06:30:36 UTC [XAU/USD] BLOCKED low_votes BUY=2 BEAR=2 need=4 H4=BEAR
2026-06-11 06:30:36 UTC [XAU/USD] NO_SIGNAL
2026-06-11 06:30:36 UTC [XAU/USD] PA_NONE
