2026-06-11 06:45:34 UTC NO_SETUP
2026-06-11 07:00:43 UTC NO_SETUP
2026-06-11 07:15:34 UTC NO_SETUP
2026-06-11 07:30:48 UTC NO_SETUP
2026-06-11 07:45:37 UTC NO_SETUP
2026-06-11 08:00:51 UTC NO_SETUP
2026-06-11 08:15:42 UTC NO_SETUP
2026-06-11 08:30:44 UTC NO_SETUP
2026-06-11 08:45:41 UTC NO_SETUP
2026-06-11 08:55:28 UTC NO_SETUP
2026-06-11 09:00:55 UTC NO_SETUP
2026-06-11 09:15:47 UTC NO_SETUP
2026-06-11 09:30:57 UTC NO_SETUP
2026-06-11 09:45:57 UTC NO_SETUP
2026-06-11 10:00:53 UTC NO_SETUP
2026-06-11 10:15:36 UTC NO_SETUP
2026-06-11 10:30:42 UTC NO_SETUP
2026-06-11 10:45:42 UTC NO_SETUP
2026-06-11 11:00:49 UTC NO_SETUP
2026-06-11 11:15:36 UTC NO_SETUP
2026-06-11 11:30:47 UTC NO_SETUP
2026-06-11 11:45:41 UTC NO_SETUP
2026-06-11 12:00:52 UTC NO_SETUP
2026-06-11 12:15:39 UTC NO_SETUP
2026-06-11 12:30:41 UTC NO_SETUP
2026-06-11 12:45:38 UTC NO_SETUP
2026-06-11 12:48:55 UTC NO_SETUP
2026-06-11 13:00:51 UTC NO_SETUP
2026-06-11 13:15:43 UTC NO_SETUP
2026-06-11 13:30:56 UTC NO_SETUP
2026-06-11 13:45:45 UTC NO_SETUP
2026-06-11 14:01:28 UTC NO_SETUP
2026-06-11 14:15:45 UTC NO_SETUP
2026-06-11 14:30:51 UTC NO_SETUP
2026-06-11 14:45:53 UTC NO_SETUP
2026-06-11 15:01:10 UTC NO_SETUP
2026-06-11 15:15:45 UTC NO_SETUP
2026-06-11 15:30:57 UTC NO_SETUP
2026-06-11 15:45:49 UTC NO_SETUP
2026-06-11 16:01:25 UTC NO_SETUP
2026-06-11 16:15:42 UTC NO_SETUP
2026-06-11 16:30:50 UTC NO_SETUP
2026-06-11 16:45:48 UTC NO_SETUP
2026-06-11 16:56:12 UTC NO_SETUP
2026-06-11 17:00:58 UTC NO_SETUP
2026-06-11 17:15:44 UTC SENT sweep_reclaim SELL stars=4 entry=4074.63 sl=4112.27 tp1=4018.18 tp2=3980.54
2026-06-11 17:30:54 UTC RESOLVED sweep_reclaim SELL SL pips=-376.4
2026-06-11 17:30:55 UTC COOLDOWN sweep_reclaim|SELL
2026-06-11 17:45:47 UTC NO_SETUP
2026-06-11 18:01:24 UTC NO_SETUP
2026-06-11 18:15:52 UTC NO_SETUP
2026-06-11 18:30:56 UTC NO_SETUP
2026-06-11 18:45:50 UTC NO_SETUP
2026-06-11 19:00:53 UTC NO_SETUP
2026-06-11 19:15:43 UTC NO_SETUP
2026-06-11 19:30:53 UTC NO_SETUP
2026-06-11 19:37:22 UTC NO_SETUP
2026-06-11 19:45:42 UTC NO_SETUP
2026-06-11 20:00:54 UTC NO_SETUP
2026-06-11 20:15:37 UTC NO_SETUP
2026-06-11 20:30:41 UTC NO_SETUP
2026-06-11 20:45:57 UTC NO_SETUP
2026-06-11 22:00:44 UTC NO_SETUP
2026-06-11 22:15:45 UTC NO_SETUP
2026-06-11 22:30:38 UTC NO_SETUP
2026-06-11 22:45:36 UTC NO_SETUP
2026-06-11 23:00:42 UTC NO_SETUP
2026-06-11 23:15:41 UTC NO_SETUP
2026-06-11 23:23:59 UTC NO_SETUP
2026-06-11 23:30:38 UTC NO_SETUP
2026-06-11 23:45:35 UTC NO_SETUP
2026-06-12 00:00:44 UTC NO_SETUP
2026-06-12 00:15:41 UTC NO_SETUP
2026-06-12 00:30:39 UTC NO_SETUP
2026-06-12 00:45:35 UTC NO_SETUP
2026-06-12 01:00:42 UTC NO_SETUP
2026-06-12 01:15:38 UTC NO_SETUP
2026-06-12 01:30:41 UTC NO_SETUP
2026-06-12 01:45:36 UTC NO_SETUP
2026-06-12 01:57:21 UTC NO_SETUP
2026-06-12 02:00:42 UTC NO_SETUP
2026-06-12 02:15:36 UTC NO_SETUP
2026-06-12 02:30:48 UTC NO_SETUP
2026-06-12 02:45:42 UTC NO_SETUP
2026-06-12 03:00:41 UTC NO_SETUP
2026-06-12 03:15:40 UTC NO_SETUP
2026-06-12 03:30:35 UTC NO_SETUP
2026-06-12 03:45:35 UTC NO_SETUP
2026-06-12 04:00:50 UTC NO_SETUP
2026-06-12 04:15:38 UTC NO_SETUP
2026-06-12 04:30:38 UTC NO_SETUP
2026-06-12 04:45:35 UTC NO_SETUP
2026-06-12 05:00:42 UTC NO_SETUP
2026-06-12 05:15:35 UTC NO_SETUP
2026-06-12 05:30:36 UTC NO_SETUP
2026-06-12 05:45:35 UTC NO_SETUP
2026-06-12 06:00:48 UTC NO_SETUP
2026-06-12 06:15:38 UTC NO_SETUP
2026-06-12 06:30:45 UTC NO_SETUP
2026-06-12 06:45:43 UTC NO_SETUP
2026-06-12 06:50:20 UTC NO_SETUP
2026-06-12 07:00:52 UTC NO_SETUP
2026-06-12 07:15:40 UTC NO_SETUP
2026-06-12 07:30:40 UTC NO_SETUP
2026-06-12 07:45:43 UTC NO_SETUP
2026-06-12 08:00:50 UTC NO_SETUP
2026-06-12 08:15:43 UTC NO_SETUP
2026-06-12 08:30:46 UTC NO_SETUP
2026-06-12 08:45:40 UTC NO_SETUP
2026-06-12 09:00:57 UTC NO_SETUP
2026-06-12 09:15:49 UTC NO_SETUP
2026-06-12 09:30:45 UTC NO_SETUP
2026-06-12 09:45:43 UTC NO_SETUP
2026-06-12 10:00:55 UTC NO_SETUP
2026-06-12 10:15:43 UTC NO_SETUP
2026-06-12 10:30:46 UTC NO_SETUP
2026-06-12 10:45:41 UTC NO_SETUP
2026-06-12 11:00:57 UTC NO_SETUP
2026-06-12 11:03:13 UTC NO_SETUP
2026-06-12 11:15:43 UTC NO_SETUP
2026-06-12 11:30:43 UTC NO_SETUP
2026-06-12 11:45:41 UTC NO_SETUP
2026-06-12 12:00:55 UTC NO_SETUP
2026-06-12 12:15:42 UTC NO_SETUP
2026-06-12 12:30:49 UTC NO_SETUP
2026-06-12 12:45:41 UTC NO_SETUP
2026-06-12 13:00:57 UTC NO_SETUP
2026-06-12 13:15:43 UTC NO_SETUP
2026-06-12 13:30:52 UTC NO_SETUP
2026-06-12 13:45:43 UTC NO_SETUP
2026-06-12 14:01:05 UTC NO_SETUP
2026-06-12 14:16:40 UTC SENT sweep_reclaim SELL stars=4 type=market entry=4192.20 sl=4228.89 tp1=4137.16 tp2=4100.47
2026-06-12 14:16:46 UTC CHART_SENT
2026-06-12 14:30:50 UTC RESOLVED sweep_reclaim SELL SL pips=-366.9
2026-06-12 14:30:51 UTC COOLDOWN sweep_reclaim|SELL
2026-06-12 14:45:47 UTC COOLDOWN sweep_reclaim|SELL
2026-06-12 15:01:03 UTC COOLDOWN sweep_reclaim|SELL
2026-06-12 15:15:50 UTC NO_SETUP
2026-06-12 15:30:59 UTC NO_SETUP
2026-06-12 15:45:50 UTC NO_SETUP
2026-06-12 16:00:58 UTC NO_SETUP
2026-06-12 16:15:45 UTC NO_SETUP
2026-06-12 16:30:47 UTC NO_SETUP
2026-06-12 16:45:39 UTC NO_SETUP
2026-06-12 17:00:51 UTC NO_SETUP
2026-06-12 17:15:52 UTC NO_SETUP
2026-06-12 17:23:19 UTC NO_SETUP
2026-06-12 17:30:48 UTC NO_SETUP
2026-06-12 17:45:46 UTC NO_SETUP
2026-06-12 18:00:54 UTC NO_SETUP
2026-06-12 18:15:46 UTC NO_SETUP
2026-06-12 18:30:53 UTC NO_SETUP
2026-06-12 18:45:45 UTC NO_SETUP
2026-06-12 19:00:55 UTC NO_SETUP
2026-06-12 19:15:46 UTC NO_SETUP
2026-06-12 19:31:30 UTC NO_SETUP
2026-06-12 19:45:42 UTC NO_SETUP
2026-06-12 20:00:59 UTC NO_SETUP
2026-06-12 20:15:47 UTC NO_SETUP
2026-06-12 20:30:54 UTC NO_SETUP
2026-06-12 20:45:42 UTC NO_SETUP
2026-06-12 22:01:00 UTC NO_SETUP
2026-06-12 22:15:45 UTC NO_SETUP
2026-06-12 22:30:52 UTC NO_SETUP
2026-06-12 22:45:39 UTC NO_SETUP
2026-06-12 22:58:03 UTC NO_SETUP
2026-06-12 23:00:55 UTC NO_SETUP
2026-06-12 23:15:43 UTC NO_SETUP
2026-06-12 23:30:42 UTC NO_SETUP
2026-06-12 23:45:41 UTC NO_SETUP
2026-06-13 00:00:57 UTC NO_SETUP
2026-06-13 00:15:38 UTC NO_SETUP
2026-06-13 00:23:53 UTC NO_SETUP
2026-06-13 00:30:49 UTC NO_SETUP
2026-06-13 00:45:45 UTC NO_SETUP
2026-06-13 01:00:52 UTC NO_SETUP
2026-06-13 01:15:38 UTC NO_SETUP
2026-06-13 01:30:42 UTC LEARN n=2 adjust={}
2026-06-13 01:30:43 UTC NO_SETUP
2026-06-13 01:45:42 UTC NO_SETUP
2026-06-13 02:00:50 UTC NO_SETUP
2026-06-13 02:15:43 UTC NO_SETUP
2026-06-13 02:30:53 UTC NO_SETUP
2026-06-13 02:45:41 UTC NO_SETUP
2026-06-13 03:00:55 UTC NO_SETUP
2026-06-13 03:15:48 UTC NO_SETUP
2026-06-13 03:30:51 UTC NO_SETUP
2026-06-13 03:45:38 UTC NO_SETUP
2026-06-13 04:00:49 UTC NO_SETUP
2026-06-13 04:15:42 UTC NO_SETUP
2026-06-13 04:30:49 UTC NO_SETUP
2026-06-13 04:45:45 UTC NO_SETUP
2026-06-13 05:00:53 UTC NO_SETUP
2026-06-13 05:04:18 UTC NO_SETUP
2026-06-13 05:15:39 UTC NO_SETUP
2026-06-13 05:30:47 UTC NO_SETUP
2026-06-13 05:45:39 UTC NO_SETUP
2026-06-13 06:00:54 UTC NO_SETUP
2026-06-13 06:15:44 UTC NO_SETUP
2026-06-13 06:30:48 UTC NO_SETUP
2026-06-13 06:45:43 UTC NO_SETUP
2026-06-13 07:00:53 UTC NO_SETUP
2026-06-13 07:15:48 UTC NO_SETUP
2026-06-13 07:30:49 UTC NO_SETUP
2026-06-13 07:45:41 UTC NO_SETUP
2026-06-13 08:00:59 UTC NO_SETUP
2026-06-13 08:15:42 UTC NO_SETUP
2026-06-13 08:30:51 UTC NO_SETUP
2026-06-13 08:32:24 UTC NO_SETUP
2026-06-13 08:45:41 UTC NO_SETUP
2026-06-13 09:00:54 UTC NO_SETUP
2026-06-13 09:15:42 UTC NO_SETUP
2026-06-13 09:30:50 UTC NO_SETUP
2026-06-13 09:45:46 UTC NO_SETUP
2026-06-13 10:01:05 UTC NO_SETUP
2026-06-13 10:15:48 UTC NO_SETUP
2026-06-13 10:30:46 UTC NO_SETUP
2026-06-13 10:45:41 UTC NO_SETUP
2026-06-13 11:00:57 UTC NO_SETUP
2026-06-13 11:02:49 UTC NO_SETUP
2026-06-13 11:15:48 UTC NO_SETUP
2026-06-13 11:30:47 UTC NO_SETUP
2026-06-13 11:45:40 UTC NO_SETUP
2026-06-13 12:00:57 UTC NO_SETUP
2026-06-13 12:15:49 UTC NO_SETUP
2026-06-13 12:30:47 UTC NO_SETUP
2026-06-13 12:45:43 UTC NO_SETUP
2026-06-13 12:58:36 UTC NO_SETUP
2026-06-13 13:00:58 UTC NO_SETUP
2026-06-13 13:15:49 UTC NO_SETUP
2026-06-13 13:30:46 UTC NO_SETUP
2026-06-13 13:45:49 UTC NO_SETUP
2026-06-13 14:00:50 UTC NO_SETUP
2026-06-13 14:15:40 UTC NO_SETUP
2026-06-13 14:30:48 UTC NO_SETUP
2026-06-13 14:45:48 UTC NO_SETUP
2026-06-13 15:00:54 UTC NO_SETUP
2026-06-13 15:05:01 UTC NO_SETUP
2026-06-13 15:15:47 UTC NO_SETUP
2026-06-13 15:30:52 UTC NO_SETUP
2026-06-13 15:45:42 UTC NO_SETUP
2026-06-13 16:00:54 UTC NO_SETUP
2026-06-13 16:15:43 UTC NO_SETUP
2026-06-13 16:30:59 UTC NO_SETUP
2026-06-13 16:45:51 UTC NO_SETUP
2026-06-13 16:47:04 UTC NO_SETUP
2026-06-13 17:00:58 UTC NO_SETUP
2026-06-13 17:15:44 UTC NO_SETUP
2026-06-13 17:30:48 UTC NO_SETUP
2026-06-13 17:45:40 UTC NO_SETUP
2026-06-13 18:00:56 UTC NO_SETUP
2026-06-13 18:08:53 UTC NO_SETUP
2026-06-13 18:15:52 UTC NO_SETUP
2026-06-13 18:30:49 UTC NO_SETUP
2026-06-13 18:45:53 UTC NO_SETUP
2026-06-13 19:01:01 UTC NO_SETUP
2026-06-13 19:15:46 UTC NO_SETUP
2026-06-13 19:30:57 UTC NO_SETUP
2026-06-13 19:45:52 UTC NO_SETUP
2026-06-13 19:55:05 UTC NO_SETUP
2026-06-13 20:00:56 UTC NO_SETUP
2026-06-13 20:15:48 UTC NO_SETUP
2026-06-13 20:30:58 UTC NO_SETUP
2026-06-13 20:45:44 UTC NO_SETUP
2026-06-13 22:00:54 UTC NO_SETUP
2026-06-13 22:15:45 UTC NO_SETUP
2026-06-13 22:30:50 UTC NO_SETUP
2026-06-13 22:37:25 UTC NO_SETUP
2026-06-13 22:45:41 UTC NO_SETUP
2026-06-13 23:00:54 UTC NO_SETUP
2026-06-13 23:15:45 UTC NO_SETUP
2026-06-13 23:30:44 UTC NO_SETUP
2026-06-13 23:45:40 UTC NO_SETUP
2026-06-13 23:48:09 UTC NO_SETUP
2026-06-14 00:00:57 UTC NO_SETUP
2026-06-14 00:15:43 UTC NO_SETUP
2026-06-14 00:30:51 UTC NO_SETUP
2026-06-14 00:45:46 UTC NO_SETUP
2026-06-14 01:00:49 UTC NO_SETUP
2026-06-14 01:15:46 UTC NO_SETUP
2026-06-14 01:30:44 UTC LEARN n=2 adjust={}
2026-06-14 01:30:45 UTC NO_SETUP
2026-06-14 01:45:43 UTC NO_SETUP
2026-06-14 02:00:56 UTC NO_SETUP
2026-06-14 02:15:43 UTC NO_SETUP
2026-06-14 02:30:46 UTC NO_SETUP
2026-06-14 02:45:42 UTC NO_SETUP
2026-06-14 03:00:54 UTC NO_SETUP
2026-06-14 03:15:42 UTC NO_SETUP
2026-06-14 03:30:46 UTC NO_SETUP
2026-06-14 03:45:39 UTC NO_SETUP
2026-06-14 04:00:51 UTC NO_SETUP
2026-06-14 04:15:06 UTC NO_SETUP
2026-06-14 04:15:44 UTC NO_SETUP
2026-06-14 04:30:44 UTC NO_SETUP
2026-06-14 04:45:42 UTC NO_SETUP
2026-06-14 05:00:49 UTC NO_SETUP
2026-06-14 05:15:42 UTC NO_SETUP
2026-06-14 05:30:57 UTC NO_SETUP
2026-06-14 05:45:40 UTC NO_SETUP
2026-06-14 06:00:58 UTC NO_SETUP
2026-06-14 06:15:41 UTC NO_SETUP
2026-06-14 06:30:56 UTC NO_SETUP
2026-06-14 06:45:47 UTC NO_SETUP
2026-06-14 07:00:58 UTC NO_SETUP
2026-06-14 07:15:51 UTC NO_SETUP
2026-06-14 07:30:54 UTC NO_SETUP
2026-06-14 07:45:45 UTC NO_SETUP
2026-06-14 08:01:09 UTC NO_SETUP
2026-06-14 08:15:51 UTC NO_SETUP
2026-06-14 08:29:21 UTC NO_SETUP
2026-06-14 08:30:47 UTC NO_SETUP
2026-06-14 08:45:47 UTC NO_SETUP
2026-06-14 09:01:05 UTC NO_SETUP
2026-06-14 09:15:49 UTC NO_SETUP
2026-06-14 09:31:08 UTC NO_SETUP
2026-06-14 09:45:57 UTC NO_SETUP
2026-06-14 10:01:08 UTC NO_SETUP
2026-06-14 10:15:51 UTC NO_SETUP
2026-06-14 10:30:47 UTC NO_SETUP
2026-06-14 10:45:43 UTC NO_SETUP
2026-06-14 11:00:56 UTC NO_SETUP
2026-06-14 11:16:09 UTC NO_SETUP
2026-06-14 11:31:02 UTC NO_SETUP
2026-06-14 11:45:42 UTC NO_SETUP
2026-06-14 12:01:04 UTC NO_SETUP
2026-06-14 12:15:44 UTC NO_SETUP
2026-06-14 12:30:57 UTC NO_SETUP
2026-06-14 12:45:48 UTC NO_SETUP
2026-06-14 13:00:53 UTC NO_SETUP
2026-06-14 13:14:34 UTC NO_SETUP
2026-06-14 13:15:50 UTC NO_SETUP
2026-06-14 13:30:48 UTC NO_SETUP
2026-06-14 13:45:48 UTC NO_SETUP
2026-06-14 14:01:05 UTC NO_SETUP
2026-06-14 14:15:46 UTC NO_SETUP
2026-06-14 14:30:58 UTC NO_SETUP
2026-06-14 14:45:46 UTC NO_SETUP
2026-06-14 15:01:05 UTC NO_SETUP
2026-06-14 15:15:48 UTC NO_SETUP
2026-06-14 15:20:49 UTC NO_SETUP
2026-06-14 15:30:56 UTC NO_SETUP
2026-06-14 15:45:56 UTC NO_SETUP
2026-06-14 16:01:01 UTC NO_SETUP
2026-06-14 16:15:52 UTC NO_SETUP
2026-06-14 16:31:02 UTC NO_SETUP
2026-06-14 16:45:56 UTC NO_SETUP
2026-06-14 16:56:19 UTC NO_SETUP
2026-06-14 17:01:07 UTC NO_SETUP
2026-06-14 17:15:57 UTC NO_SETUP
2026-06-14 17:31:07 UTC NO_SETUP
2026-06-14 17:45:49 UTC NO_SETUP
2026-06-14 18:01:01 UTC NO_SETUP
2026-06-14 18:15:49 UTC NO_SETUP
2026-06-14 18:16:42 UTC NO_SETUP
2026-06-14 18:30:53 UTC NO_SETUP
2026-06-14 18:45:54 UTC NO_SETUP
2026-06-14 19:00:57 UTC NO_SETUP
2026-06-14 19:15:48 UTC NO_SETUP
2026-06-14 19:30:56 UTC NO_SETUP
2026-06-14 19:45:52 UTC NO_SETUP
2026-06-14 20:00:57 UTC NO_SETUP
2026-06-14 20:06:25 UTC NO_SETUP
2026-06-14 20:15:43 UTC NO_SETUP
2026-06-14 20:30:48 UTC NO_SETUP
2026-06-14 20:45:52 UTC NO_SETUP
2026-06-14 22:00:56 UTC NO_SETUP
2026-06-14 22:15:41 UTC NO_SETUP
2026-06-14 22:30:52 UTC NO_SETUP
2026-06-14 22:45:45 UTC NO_SETUP
2026-06-14 22:51:06 UTC NO_SETUP
2026-06-14 23:00:48 UTC NO_SETUP
2026-06-14 23:15:41 UTC SESSION_SKIP compression_breakout BUY session=ASIAN
2026-06-14 23:15:41 UTC NO_SETUP
2026-06-14 23:30:53 UTC SESSION_SKIP compression_breakout BUY session=ASIAN
2026-06-14 23:30:53 UTC NO_SETUP
2026-06-14 23:45:47 UTC SESSION_SKIP compression_breakout BUY session=ASIAN
2026-06-14 23:45:47 UTC NO_SETUP
2026-06-15 00:00:49 UTC SESSION_SKIP compression_breakout BUY session=ASIAN
2026-06-15 00:00:49 UTC NO_SETUP
2026-06-15 00:12:26 UTC NO_SETUP
2026-06-15 00:15:46 UTC NO_SETUP
2026-06-15 00:30:51 UTC NO_SETUP
2026-06-15 00:45:43 UTC NO_SETUP
2026-06-15 01:00:48 UTC NO_SETUP
2026-06-15 01:15:44 UTC SENT sweep_reclaim SELL stars=4 type=limit entry=4299.11 sl=4308.78 tp1=4284.61 tp2=4274.94
2026-06-15 01:15:47 UTC CHART_SENT
2026-06-15 01:30:53 UTC RESOLVED sweep_reclaim SELL TP2 pips=241.7
2026-06-15 01:30:54 UTC WEEKLY sent n=3 wr=33%
2026-06-15 01:30:54 UTC LEARN n=3 adjust={}
2026-06-15 01:30:55 UTC COOLDOWN sweep_reclaim|SELL
2026-06-15 01:45:40 UTC NO_SETUP
2026-06-15 02:00:53 UTC NO_SETUP
2026-06-15 02:15:39 UTC NO_SETUP
2026-06-15 02:30:49 UTC NO_SETUP
2026-06-15 02:45:39 UTC NO_SETUP
2026-06-15 03:00:52 UTC NO_SETUP
2026-06-15 03:15:42 UTC NO_SETUP
2026-06-15 03:30:43 UTC NO_SETUP
2026-06-15 03:45:43 UTC NO_SETUP
2026-06-15 04:00:51 UTC NO_SETUP
2026-06-15 04:15:41 UTC NO_SETUP
2026-06-15 04:30:44 UTC NO_SETUP
2026-06-15 04:45:43 UTC NO_SETUP
2026-06-15 05:00:59 UTC NO_SETUP
2026-06-15 05:15:42 UTC NO_SETUP
2026-06-15 05:30:18 UTC NO_SETUP
2026-06-15 05:30:54 UTC NO_SETUP
2026-06-15 05:45:46 UTC NO_SETUP
2026-06-15 06:00:57 UTC NO_SETUP
2026-06-15 06:15:54 UTC NO_SETUP
2026-06-15 06:30:47 UTC NO_SETUP
2026-06-15 06:45:47 UTC NO_SETUP
2026-06-15 07:00:56 UTC NO_SETUP
2026-06-15 07:15:55 UTC SENT sweep_reclaim BUY stars=4 type=limit entry=4301.15 sl=4283.87 tp1=4327.07 tp2=4344.35
2026-06-15 07:15:59 UTC CHART_SENT
2026-06-15 07:30:51 UTC RESOLVED sweep_reclaim BUY SL pips=-172.8
2026-06-15 07:30:52 UTC NO_SETUP
2026-06-15 07:45:46 UTC NO_SETUP
2026-06-15 08:00:54 UTC NO_SETUP
2026-06-15 08:15:46 UTC NO_SETUP
2026-06-15 08:30:56 UTC NO_SETUP
2026-06-15 08:45:57 UTC NO_SETUP
2026-06-15 09:00:58 UTC NO_SETUP
2026-06-15 09:15:45 UTC NO_SETUP
2026-06-15 09:30:49 UTC NO_SETUP
2026-06-15 09:45:57 UTC NO_SETUP
2026-06-15 10:01:03 UTC NO_SETUP
2026-06-15 10:15:49 UTC NO_SETUP
2026-06-15 10:30:55 UTC NO_SETUP
2026-06-15 10:45:47 UTC NO_SETUP
2026-06-15 11:01:08 UTC NO_SETUP
2026-06-15 11:15:55 UTC SENT double_bottom BUY stars=3 type=market entry=4338.61 sl=4324.57 tp1=4359.68 tp2=4398.77
2026-06-15 11:15:58 UTC CHART_SENT
2026-06-15 11:30:50 UTC RESOLVED double_bottom BUY SL pips=-140.4
2026-06-15 11:30:51 UTC COOLDOWN double_bottom|BUY
2026-06-15 11:33:48 UTC COOLDOWN double_bottom|BUY
2026-06-15 11:45:44 UTC COOLDOWN double_bottom|BUY
2026-06-15 12:01:00 UTC COOLDOWN double_bottom|BUY
2026-06-15 12:15:49 UTC NO_SETUP
2026-06-15 12:30:52 UTC NO_SETUP
2026-06-15 12:45:47 UTC NO_SETUP
2026-06-15 13:01:04 UTC NO_SETUP
2026-06-15 13:15:51 UTC NO_SETUP
2026-06-15 13:31:06 UTC NO_SETUP
